{"C:\\Luis Fernando\\PROGRAMAÇÃO\\Faculdade\\TestSoftware\\index.js": {"path":"C:\\Luis Fernando\\PROGRAMAÇÃO\\Faculdade\\TestSoftware\\index.js","statementMap":{"0":{"start":{"line":2,"column":24},"end":{"line":2,"column":81}},"1":{"start":{"line":2,"column":55},"end":{"line":2,"column":81}},"2":{"start":{"line":4,"column":24},"end":{"line":4,"column":67}},"3":{"start":{"line":4,"column":48},"end":{"line":4,"column":67}}},"fnMap":{"0":{"name":"(anonymous_0)","decl":{"start":{"line":2,"column":24},"end":{"line":2,"column":25}},"loc":{"start":{"line":2,"column":55},"end":{"line":2,"column":81}},"line":2},"1":{"name":"(anonymous_1)","decl":{"start":{"line":4,"column":24},"end":{"line":4,"column":25}},"loc":{"start":{"line":4,"column":48},"end":{"line":4,"column":67}},"line":4}},"branchMap":{},"s":{"0":1,"1":1,"2":1,"3":1},"f":{"0":1,"1":1},"b":{},"_coverageSchema":"1a1c01bbd47fc00a2c39e90264f33305004495a9","hash":"63783f74248d501d3841646f64c4f2458ece7def"}
}
